<?xml version="1.0" encoding="UTF-8"?>
<testng-results ignored="0" total="1" passed="1" failed="0" skipped="0">
  <reporter-output>
  </reporter-output>
  <suite started-at="2023-06-23T07:21:21 IST" name="Default suite" finished-at="2023-06-23T07:21:48 IST" duration-ms="26726">
    <groups>
    </groups>
    <test started-at="2023-06-23T07:21:21 IST" name="Default test" finished-at="2023-06-23T07:21:48 IST" duration-ms="26726">
      <class name="itsutra.MavenGITIntegration.MavenGitInt">
        <test-method is-config="true" signature="beforeTest()[pri:0, instance:itsutra.MavenGITIntegration.MavenGitInt@60bd273d]" started-at="2023-06-23T07:21:21 IST" name="beforeTest" finished-at="2023-06-23T07:21:25 IST" duration-ms="4369" status="PASS">
          <reporter-output>
          </reporter-output>
        </test-method> <!-- beforeTest -->
        <test-method signature="Test1()[pri:0, instance:itsutra.MavenGITIntegration.MavenGitInt@60bd273d]" started-at="2023-06-23T07:21:26 IST" name="Test1" finished-at="2023-06-23T07:21:47 IST" duration-ms="21429" status="PASS">
          <reporter-output>
          </reporter-output>
        </test-method> <!-- Test1 -->
        <test-method is-config="true" signature="afterTest()[pri:0, instance:itsutra.MavenGITIntegration.MavenGitInt@60bd273d]" started-at="2023-06-23T07:21:47 IST" name="afterTest" finished-at="2023-06-23T07:21:48 IST" duration-ms="856" status="PASS">
          <reporter-output>
          </reporter-output>
        </test-method> <!-- afterTest -->
      </class> <!-- itsutra.MavenGITIntegration.MavenGitInt -->
    </test> <!-- Default test -->
  </suite> <!-- Default suite -->
</testng-results>
